<?xml version="1.0" encoding="UTF-8"?>
<testsuite xmlns:xsi="http://www.w3.org/2001/XMLSchema-instance" xsi:noNamespaceSchemaLocation="https://maven.apache.org/surefire/maven-surefire-plugin/xsd/surefire-test-report.xsd" name="com.revature.service.ClientServiceTest" time="0.64" tests="21" errors="0" skipped="0" failures="0">
  <properties>
[...]
</properties>
  <testcase name="testDeleteClientByIdPositve" classname="com.revature.service.ClientServiceTest" time="0.025"/>
  <testcase name="testGetAllClientsSQLExceptionOccursNegative" classname="com.revature.service.ClientServiceTest" time="0.53"/>
  <testcase name="testGetAddClientPositive" classname="com.revature.service.ClientServiceTest" time="0.014"/>
  <testcase name="testGetClientIdSpaceIdNegative" classname="com.revature.service.ClientServiceTest" time="0.004"/>
  <testcase name="testAddClientNegativeInvalidParameterExceptionForId" classname="com.revature.service.ClientServiceTest" time="0.001"/>
  <testcase name="testGetClientByIdDecimalIdNegative" classname="com.revature.service.ClientServiceTest" time="0.001"/>
  <testcase name="testGetClientIdInvalidCharactersIdNegative" classname="com.revature.service.ClientServiceTest" time="0.001"/>
  <testcase name="testAddClientNegativeInvalidParameterExceptionForPhoneNumber" classname="com.revature.service.ClientServiceTest" time="0.001"/>
  <testcase name="testEditIdOfClientInvalidParameterfForInvalidIdCharacter" classname="com.revature.service.ClientServiceTest" time="0.002"/>
  <testcase name="testAddClientNegativeInvalidParameterExceptionForFirstName" classname="com.revature.service.ClientServiceTest" time="0.001"/>
  <testcase name="testEditIdOfClientPositive" classname="com.revature.service.ClientServiceTest" time="0.003"/>
  <testcase name="testAddClientPositive" classname="com.revature.service.ClientServiceTest" time="0.001"/>
  <testcase name="testEditIdOfClientInvalidParameterfForSpacing" classname="com.revature.service.ClientServiceTest" time="0.003"/>
  <testcase name="testGetAllClientsPositve" classname="com.revature.service.ClientServiceTest" time="0.003"/>
  <testcase name="testGetAddClientNegativeDecimal" classname="com.revature.service.ClientServiceTest" time="0.001"/>
  <testcase name="testEditIdOfClientNotFoundException" classname="com.revature.service.ClientServiceTest" time="0.001"/>
  <testcase name="testGetClientByIdPositive" classname="com.revature.service.ClientServiceTest" time="0"/>
  <testcase name="testGetClientIdAlphabethIdNegative" classname="com.revature.service.ClientServiceTest" time="0.001"/>
  <testcase name="testGetAddClientNegativeFloat" classname="com.revature.service.ClientServiceTest" time="0.001"/>
  <testcase name="testGetAddClientNegativeAlphabeth" classname="com.revature.service.ClientServiceTest" time="0.001"/>
  <testcase name="testGetClientbyIdNotFoundNegative" classname="com.revature.service.ClientServiceTest" time="0.001"/>
</testsuite>